19:13:43 **** Incremental Build of configuration Debug for project armband-all ****
make -j12 all 
arm-none-eabi-gcc "../Core/Src/IMU.c" -mcpu=cortex-m4 -std=gnu11 -g3 -DDEBUG -DUSE_HAL_DRIVER -DSTM32L432xx -c -I../Core/Inc -I../Drivers/STM32L4xx_HAL_Driver/Inc -I../Drivers/STM32L4xx_HAL_Driver/Inc/Legacy -I../Drivers/CMSIS/Device/ST/STM32L4xx/Include -I../Drivers/CMSIS/Include -O0 -ffunction-sections -fdata-sections -Wall -fstack-usage -fcyclomatic-complexity -MMD -MP -MF"Core/Src/IMU.d" -MT"Core/Src/IMU.o" --specs=nano.specs -mfpu=fpv4-sp-d16 -mfloat-abi=hard -mthumb -o "Core/Src/IMU.o"
arm-none-eabi-gcc "../Core/Src/gps.c" -mcpu=cortex-m4 -std=gnu11 -g3 -DDEBUG -DUSE_HAL_DRIVER -DSTM32L432xx -c -I../Core/Inc -I../Drivers/STM32L4xx_HAL_Driver/Inc -I../Drivers/STM32L4xx_HAL_Driver/Inc/Legacy -I../Drivers/CMSIS/Device/ST/STM32L4xx/Include -I../Drivers/CMSIS/Include -O0 -ffunction-sections -fdata-sections -Wall -fstack-usage -fcyclomatic-complexity -MMD -MP -MF"Core/Src/gps.d" -MT"Core/Src/gps.o" --specs=nano.specs -mfpu=fpv4-sp-d16 -mfloat-abi=hard -mthumb -o "Core/Src/gps.o"
arm-none-eabi-gcc "../Core/Src/lora_sx1276.c" -mcpu=cortex-m4 -std=gnu11 -g3 -DDEBUG -DUSE_HAL_DRIVER -DSTM32L432xx -c -I../Core/Inc -I../Drivers/STM32L4xx_HAL_Driver/Inc -I../Drivers/STM32L4xx_HAL_Driver/Inc/Legacy -I../Drivers/CMSIS/Device/ST/STM32L4xx/Include -I../Drivers/CMSIS/Include -O0 -ffunction-sections -fdata-sections -Wall -fstack-usage -fcyclomatic-complexity -MMD -MP -MF"Core/Src/lora_sx1276.d" -MT"Core/Src/lora_sx1276.o" --specs=nano.specs -mfpu=fpv4-sp-d16 -mfloat-abi=hard -mthumb -o "Core/Src/lora_sx1276.o"
arm-none-eabi-gcc "../Core/Src/main.c" -mcpu=cortex-m4 -std=gnu11 -g3 -DDEBUG -DUSE_HAL_DRIVER -DSTM32L432xx -c -I../Core/Inc -I../Drivers/STM32L4xx_HAL_Driver/Inc -I../Drivers/STM32L4xx_HAL_Driver/Inc/Legacy -I../Drivers/CMSIS/Device/ST/STM32L4xx/Include -I../Drivers/CMSIS/Include -O0 -ffunction-sections -fdata-sections -Wall -fstack-usage -fcyclomatic-complexity -MMD -MP -MF"Core/Src/main.d" -MT"Core/Src/main.o" --specs=nano.specs -mfpu=fpv4-sp-d16 -mfloat-abi=hard -mthumb -o "Core/Src/main.o"
arm-none-eabi-gcc "../Core/Src/stm32l4xx_hal_msp.c" -mcpu=cortex-m4 -std=gnu11 -g3 -DDEBUG -DUSE_HAL_DRIVER -DSTM32L432xx -c -I../Core/Inc -I../Drivers/STM32L4xx_HAL_Driver/Inc -I../Drivers/STM32L4xx_HAL_Driver/Inc/Legacy -I../Drivers/CMSIS/Device/ST/STM32L4xx/Include -I../Drivers/CMSIS/Include -O0 -ffunction-sections -fdata-sections -Wall -fstack-usage -fcyclomatic-complexity -MMD -MP -MF"Core/Src/stm32l4xx_hal_msp.d" -MT"Core/Src/stm32l4xx_hal_msp.o" --specs=nano.specs -mfpu=fpv4-sp-d16 -mfloat-abi=hard -mthumb -o "Core/Src/stm32l4xx_hal_msp.o"
arm-none-eabi-gcc "../Core/Src/stm32l4xx_it.c" -mcpu=cortex-m4 -std=gnu11 -g3 -DDEBUG -DUSE_HAL_DRIVER -DSTM32L432xx -c -I../Core/Inc -I../Drivers/STM32L4xx_HAL_Driver/Inc -I../Drivers/STM32L4xx_HAL_Driver/Inc/Legacy -I../Drivers/CMSIS/Device/ST/STM32L4xx/Include -I../Drivers/CMSIS/Include -O0 -ffunction-sections -fdata-sections -Wall -fstack-usage -fcyclomatic-complexity -MMD -MP -MF"Core/Src/stm32l4xx_it.d" -MT"Core/Src/stm32l4xx_it.o" --specs=nano.specs -mfpu=fpv4-sp-d16 -mfloat-abi=hard -mthumb -o "Core/Src/stm32l4xx_it.o"
../Core/Src/gps.c:180:1: warning: return type defaults to 'int' [-Wimplicit-int]
  180 | updateGPS(){
      | ^~~~~~~~~
../Core/Src/gps.c:180:1: warning: conflicting types for 'updateGPS'
In file included from ../Core/Src/gps.c:35:
../Core/Inc/gps.h:65:6: note: previous declaration of 'updateGPS' with type 'void()'
   65 | void updateGPS();
      |      ^~~~~~~~~
../Core/Src/gps.c: In function 'updateGPS':
../Core/Src/gps.c:229:71: warning: implicit declaration of function 'strtof'; did you mean 'strtok'? [-Wimplicit-function-declaration]
  229 |                                   GPS2.dec_latitude = GPS_nmea_to_dec(strtof(lat, NULL), lat_ns)*(PI/180);
      |                                                                       ^~~~~~
      |                                                                       strtok
../Core/Src/gps.c:253:52: warning: implicit declaration of function 'cos' [-Wimplicit-function-declaration]
  253 |                                                   (cos(((double)GPS2.dec_longitude+(double)GPS2.dec_longitude_prev)/2));
      |                                                    ^~~
../Core/Src/gps.c:38:1: note: include '<math.h>' or provide a declaration of 'cos'
   37 | #include "main.h"
  +++ |+#include <math.h>
   38 | 
../Core/Src/gps.c:253:52: warning: incompatible implicit declaration of built-in function 'cos' [-Wbuiltin-declaration-mismatch]
  253 |                                                   (cos(((double)GPS2.dec_longitude+(double)GPS2.dec_longitude_prev)/2));
      |                                                    ^~~
In file included from ../Core/Inc/step_inc/config.h:4,
                 from ../Core/Inc/step_inc/StepCountingAlgo.h:28,
                 from ../Core/Src/main.c:36:
../Core/Inc/step_inc/sqrt.h:28:16: warning: conflicting types for built-in function 'sqrt'; expected 'double(double)' [-Wbuiltin-declaration-mismatch]
   28 | static int64_t sqrt(int64_t number)
      |                ^~~~
../Core/Src/gps.c:253:52: note: include '<math.h>' or provide a declaration of 'cos'
../Core/Inc/step_inc/sqrt.h:1:1: note: 'sqrt' is declared in header '<math.h>'
  +++ |+#include <math.h>
    1 | /*
../Core/Src/gps.c:255:46: warning: implicit declaration of function 'sqrt' [-Wimplicit-function-declaration]
  255 |                                   p2p_dist = sqrt(x_cord*x_cord + y_cord*y_cord)*6371000;
      |                                              ^~~~
../Core/Src/gps.c:255:46: note: include '<math.h>' or provide a declaration of 'sqrt'
../Core/Src/gps.c:255:46: warning: incompatible implicit declaration of built-in function 'sqrt' [-Wbuiltin-declaration-mismatch]
../Core/Src/gps.c:255:46: note: include '<math.h>' or provide a declaration of 'sqrt'
../Core/Src/main.c: In function 'main':
../Core/Src/gps.c: In function 'UpdateGps_IT':
../Core/Src/gps.c:307:36: warning: incompatible implicit declaration of built-in function 'cos' [-Wbuiltin-declaration-mismatch]
  307 |                                   (cos(((double)GPS2.dec_longitude+(double)GPS2.dec_longitude_prev)/2));
      |                                    ^~~
../Core/Src/gps.c:307:36: note: include '<math.h>' or provide a declaration of 'cos'
../Core/Src/gps.c:310:36: warning: incompatible implicit declaration of built-in function 'sqrt' [-Wbuiltin-declaration-mismatch]
  310 |                         p2p_dist = sqrt(x_cord*x_cord + y_cord*y_cord)*6371000;
      |                                    ^~~~
../Core/Src/main.c:279:8: warning: unused variable 'buffer' [-Wunused-variable]
  279 |   char buffer[128];
      |        ^~~~~~
../Core/Src/gps.c:310:36: note: include '<math.h>' or provide a declaration of 'sqrt'
../Core/Inc/step_inc/sqrt.h: At top level:
../Core/Inc/step_inc/sqrt.h:28:16: warning: 'sqrt' defined but not used [-Wunused-function]
   28 | static int64_t sqrt(int64_t number)
      |                ^~~~
../Core/Src/gps.c: In function 'GPS_validate':
../Core/Src/gps.c:142:25: warning: 'checkcalcstr' may be used uninitialized [-Wmaybe-uninitialized]
  142 |     return((checkcalcstr[0] == check[0])
      |             ~~~~~~~~~~~~^~~
../Core/Src/gps.c:110:10: note: 'checkcalcstr' declared here
  110 |     char checkcalcstr[3];
      |          ^~~~~~~~~~~~
../Core/Src/gps.c:143:25: warning: 'checkcalcstr' may be used uninitialized [-Wmaybe-uninitialized]
  143 |         && (checkcalcstr[1] == check[1])) ? 1 : 0 ;
      |             ~~~~~~~~~~~~^~~
../Core/Src/gps.c:110:10: note: 'checkcalcstr' declared here
  110 |     char checkcalcstr[3];
      |          ^~~~~~~~~~~~
arm-none-eabi-gcc -o "armband-all.elf" @"objects.list"   -mcpu=cortex-m4 -T"N:\trebuchet_git\EECS_373_Project\armband-all\STM32L432KCUX_FLASH.ld" --specs=nosys.specs -Wl,-Map="armband-all.map" -Wl,--gc-sections -static --specs=nano.specs -mfpu=fpv4-sp-d16 -mfloat-abi=hard -mthumb -u _printf_float -u _scanf_float -Wl,--start-group -lc -lm -Wl,--end-group
C:/ST/STM32CubeIDE_1.14.0/STM32CubeIDE/plugins/com.st.stm32cube.ide.mcu.externaltools.gnu-tools-for-stm32.12.3.rel1.win32_1.0.100.202403111256/tools/bin/../lib/gcc/arm-none-eabi/12.3.1/../../../../arm-none-eabi/bin/ld.exe: warning: armband-all.elf has a LOAD segment with RWX permissions
Finished building target: armband-all.elf
 
arm-none-eabi-size  armband-all.elf 
arm-none-eabi-objdump -h -S armband-all.elf  > "armband-all.list"
   text	   data	    bss	    dec	    hex	filename
  59668	    532	   3784	  63984	   f9f0	armband-all.elf
Finished building: default.size.stdout
 
Finished building: armband-all.list
 
19:14:00 **** Incremental Build of configuration Debug for project armband-all ****
make -j12 all 
arm-none-eabi-size  armband-all.elf 
   text	   data	    bss	    dec	    hex	filename
  59668	    532	   3784	  63984	   f9f0	armband-all.elf
Finished building: default.size.stdout
 
19:14:25 **** Incremental Build of configuration Debug for project armband-all ****
make -j12 all 
arm-none-eabi-gcc "../Core/Src/main.c" -mcpu=cortex-m4 -std=gnu11 -g3 -DDEBUG -DUSE_HAL_DRIVER -DSTM32L432xx -c -I../Core/Inc -I../Drivers/STM32L4xx_HAL_Driver/Inc -I../Drivers/STM32L4xx_HAL_Driver/Inc/Legacy -I../Drivers/CMSIS/Device/ST/STM32L4xx/Include -I../Drivers/CMSIS/Include -O0 -ffunction-sections -fdata-sections -Wall -fstack-usage -fcyclomatic-complexity -MMD -MP -MF"Core/Src/main.d" -MT"Core/Src/main.o" --specs=nano.specs -mfpu=fpv4-sp-d16 -mfloat-abi=hard -mthumb -o "Core/Src/main.o"
In file included from ../Core/Inc/step_inc/config.h:4,
                 from ../Core/Inc/step_inc/StepCountingAlgo.h:28,
                 from ../Core/Src/main.c:36:
../Core/Inc/step_inc/sqrt.h:28:16: warning: conflicting types for built-in function 'sqrt'; expected 'double(double)' [-Wbuiltin-declaration-mismatch]
   28 | static int64_t sqrt(int64_t number)
      |                ^~~~
../Core/Inc/step_inc/sqrt.h:1:1: note: 'sqrt' is declared in header '<math.h>'
  +++ |+#include <math.h>
    1 | /*
../Core/Src/main.c: In function 'main':
../Core/Src/main.c:279:8: warning: unused variable 'buffer' [-Wunused-variable]
  279 |   char buffer[128];
      |        ^~~~~~
../Core/Inc/step_inc/sqrt.h: At top level:
../Core/Inc/step_inc/sqrt.h:28:16: warning: 'sqrt' defined but not used [-Wunused-function]
   28 | static int64_t sqrt(int64_t number)
      |                ^~~~
arm-none-eabi-gcc -o "armband-all.elf" @"objects.list"   -mcpu=cortex-m4 -T"N:\trebuchet_git\EECS_373_Project\armband-all\STM32L432KCUX_FLASH.ld" --specs=nosys.specs -Wl,-Map="armband-all.map" -Wl,--gc-sections -static --specs=nano.specs -mfpu=fpv4-sp-d16 -mfloat-abi=hard -mthumb -u _printf_float -u _scanf_float -Wl,--start-group -lc -lm -Wl,--end-group
C:/ST/STM32CubeIDE_1.14.0/STM32CubeIDE/plugins/com.st.stm32cube.ide.mcu.externaltools.gnu-tools-for-stm32.12.3.rel1.win32_1.0.100.202403111256/tools/bin/../lib/gcc/arm-none-eabi/12.3.1/../../../../arm-none-eabi/bin/ld.exe: warning: armband-all.elf has a LOAD segment with RWX permissions
Finished building target: armband-all.elf
 
arm-none-eabi-size  armband-all.elf 
arm-none-eabi-objdump -h -S armband-all.elf  > "armband-all.list"
   text	   data	    bss	    dec	    hex	filename
  66796	    552	   4048	  71396	  116e4	armband-all.elf
Finished building: default.size.stdout
 
Finished building: armband-all.list
 
